date: 2014-01-22 14:34:19.509
argv: node /usr/local/bin/hexo deploy
os: Darwin 13.0.0 darwin x64
version:
  hexo: 2.4.5
  http_parser: 1.0
  node: 0.10.24
  v8: 3.14.5.9
  ares: 1.9.0-DEV
  uv: 0.10.21
  zlib: 1.2.3
  modules: 11
  openssl: 1.0.1e
---

ed successfully: hexo-generator-sitemap
[debug] 14:34:17.339 Theme layout loaded
[debug] 14:34:17.401 Theme source loaded
[debug] 14:34:17.946 Theme configuration loaded
[debug] 14:34:17.947 Processed: CNAME
[debug] 14:34:17.948 Processed: favicon.ico
[debug] 14:34:17.951 Processed: images/Thumbs.db
[debug] 14:34:17.951 Processed: images/2013/05/IMG_20130511_003748.jpg
[debug] 14:34:17.952 Processed: images/2013/05/IMG_20130511_003832.jpg
[debug] 14:34:17.953 Processed: images/2013/05/IMG_20130511_003931.jpg
[debug] 14:34:17.954 Processed: images/2013/05/LEDPOV.jpg
[debug] 14:34:17.954 Processed: images/2013/05/MyLogo.png
[debug] 14:34:17.955 Processed: images/2013/05/Thumbs.db
[debug] 14:34:17.956 Processed: images/2013/05/arduino-robot.jpg
[debug] 14:34:17.957 Processed: images/2013/05/bicycle-generater.jpg
[debug] 14:34:17.957 Processed: images/2013/05/bicycle-led.jpg
[debug] 14:34:17.958 Processed: images/2013/05/fire-charger.jpg
[debug] 14:34:17.959 Processed: images/2013/05/plants.jpg
[debug] 14:34:17.960 Processed: images/2013/05/point-cloud.jpg
[debug] 14:34:17.960 Processed: images/2013/05/rplidar_interface.png
[debug] 14:34:17.961 Processed: images/2013/05/smoking-machine.png
[debug] 14:34:17.962 Processed: images/2013/05/stirling-car.jpg
[debug] 14:34:17.963 Processed: images/2013/05/theremin.jpg
[debug] 14:34:17.963 Processed: images/2013/05/time-twister.jpg
[debug] 14:34:17.964 Processed: images/2013/05/vertibot-self-balancer.jpg
[debug] 14:34:17.965 Processed: images/2013/06/IMG_20130607_183119.jpg
[debug] 14:34:17.966 Processed: images/2013/06/makey.jpg
[debug] 14:34:17.967 Processed: images/2013/07/Lelianwang.png
[debug] 14:34:17.968 Processed: images/2013/08/Hardware-0.jpg
[debug] 14:34:17.969 Processed: images/2013/08/Hardware-1.jpg
[debug] 14:34:17.970 Processed: images/2013/08/Hardware-2.jpg
[debug] 14:34:17.971 Processed: images/2013/08/Hardware-3.png
[debug] 14:34:17.972 Processed: images/2013/08/Hardware-4.jpg
[debug] 14:34:17.973 Processed: images/2013/08/Hardware-5.png
[debug] 14:34:17.974 Processed: images/2013/09/Deepin-Disk.jpg
[debug] 14:34:17.975 Processed: images/2013/09/IMG_20130921_144132.jpg
[debug] 14:34:17.976 Processed: images/2013/09/IMG_20130921_1441321.jpg
[debug] 14:34:17.977 Processed: images/2013/09/IMG_20130921_144200.jpg
[debug] 14:34:17.978 Processed: images/2013/09/IMG_20130921_1442001.jpg
[debug] 14:34:17.979 Processed: images/2013/09/IMG_20130921_144638.jpg
[debug] 14:34:17.980 Processed: images/2013/09/IMG_20130921_1446381.jpg
[debug] 14:34:17.980 Processed: images/2013/09/IMG_20130921_145912.jpg
[debug] 14:34:17.981 Processed: images/2013/09/IMG_20130921_1459121.jpg
[debug] 14:34:17.982 Processed: images/2013/09/IMG_20130921_153622.jpg
[debug] 14:34:17.983 Processed: images/2013/09/IMG_20130921_1536221.jpg
[debug] 14:34:17.984 Processed: images/2013/09/IMG_20130921_161608.jpg
[debug] 14:34:17.985 Processed: images/2013/09/IMG_20130921_1616081.jpg
[debug] 14:34:17.986 Processed: images/2013/09/IMG_20130921_161907.jpg
[debug] 14:34:17.987 Processed: images/2013/09/IMG_20130921_1619071.jpg
[debug] 14:34:17.988 Processed: images/2013/09/IMG_20130921_162803.jpg
[debug] 14:34:17.989 Processed: images/2013/09/IMG_20130921_163144.jpg
[debug] 14:34:17.991 Processed: images/2013/09/IMG_20130921_163243.jpg
[debug] 14:34:17.992 Processed: images/2013/09/IMG_20130921_1822291.jpg
[debug] 14:34:17.994 Processed: images/2013/10/0.jpg
[debug] 14:34:17.996 Processed: images/2013/10/1.jpg
[debug] 14:34:17.997 Processed: images/2013/10/10.jpg
[debug] 14:34:17.998 Processed: images/2013/10/11.jpg
[debug] 14:34:18.003 Processed: images/2013/10/12.jpg
[debug] 14:34:18.004 Processed: images/2013/10/13.jpg
[debug] 14:34:18.005 Processed: images/2013/10/14.jpg
[debug] 14:34:18.006 Processed: images/2013/10/15.jpg
[debug] 14:34:18.008 Processed: images/2013/10/16.jpg
[debug] 14:34:18.009 Processed: images/2013/10/17.jpg
[debug] 14:34:18.010 Processed: images/2013/10/18.jpg
[debug] 14:34:18.012 Processed: images/2013/10/19.jpg
[debug] 14:34:18.013 Processed: images/2013/10/2.jpg
[debug] 14:34:18.014 Processed: images/2013/10/20.jpg
[debug] 14:34:18.016 Processed: images/2013/10/21.jpg
[debug] 14:34:18.017 Processed: images/2013/10/22.jpg
[debug] 14:34:18.018 Processed: images/2013/10/23.jpg
[debug] 14:34:18.020 Processed: images/2013/10/24.jpg
[debug] 14:34:18.021 Processed: images/2013/10/25.jpg
[debug] 14:34:18.022 Processed: images/2013/10/26.jpg
[debug] 14:34:18.024 Processed: images/2013/10/27.jpg
[debug] 14:34:18.025 Processed: images/2013/10/28.jpg
[debug] 14:34:18.027 Processed: images/2013/10/29.jpg
[debug] 14:34:18.028 Processed: images/2013/10/3.jpg
[debug] 14:34:18.029 Processed: images/2013/10/30.jpg
[debug] 14:34:18.031 Processed: images/2013/10/31.jpg
[debug] 14:34:18.032 Processed: images/2013/10/32.jpg
[debug] 14:34:18.034 Processed: images/2013/10/33.jpg
[debug] 14:34:18.035 Processed: images/2013/10/34.jpg
[debug] 14:34:18.036 Processed: images/2013/10/35.jpg
[debug] 14:34:18.038 Processed: images/2013/10/36.jpg
[debug] 14:34:18.039 Processed: images/2013/10/37.jpg
[debug] 14:34:18.041 Processed: images/2013/10/38.jpg
[debug] 14:34:18.042 Processed: images/2013/10/39.jpg
[debug] 14:34:18.044 Processed: images/2013/10/3d.jpg
[debug] 14:34:18.045 Processed: images/2013/10/3d10.jpg
[debug] 14:34:18.047 Processed: images/2013/10/3d3.jpg
[debug] 14:34:18.048 Processed: images/2013/10/3d4.jpg
[debug] 14:34:18.050 Processed: images/2013/10/3d5.jpg
[debug] 14:34:18.051 Processed: images/2013/10/3d6.jpg
[debug] 14:34:18.053 Processed: images/2013/10/4.jpg
[debug] 14:34:18.054 Processed: images/2013/10/40.jpg
[debug] 14:34:18.056 Processed: images/2013/10/41.jpg
[debug] 14:34:18.057 Processed: images/2013/10/5.jpg
[debug] 14:34:18.059 Processed: images/2013/10/6.jpg
[debug] 14:34:18.061 Processed: images/2013/10/7.jpg
[debug] 14:34:18.062 Processed: images/2013/10/8.jpg
[debug] 14:34:18.064 Processed: images/2013/10/9.jpg
[debug] 14:34:18.065 Processed: images/2013/10/MakerC_Ent12.jpg
[debug] 14:34:18.067 Processed: images/2013/10/MakerC_Ent2.jpg
[debug] 14:34:18.069 Processed: images/2013/10/art0.jpg
[debug] 14:34:18.070 Processed: images/2013/10/art1.jpg
[debug] 14:34:18.072 Processed: images/2013/10/art2.jpg
[debug] 14:34:18.074 Processed: images/2013/10/bio.jpg
[debug] 14:34:18.075 Processed: images/2013/10/bio11.jpg
[debug] 14:34:18.077 Processed: images/2013/10/bio12.jpg
[debug] 14:34:18.078 Processed: images/2013/10/bio2.jpg
[debug] 14:34:18.080 Processed: images/2013/10/bio3.jpg
[debug] 14:34:18.082 Processed: images/2013/10/bio4.jpg
[debug] 14:34:18.084 Processed: images/2013/10/bio5.jpg
[debug] 14:34:18.085 Processed: images/2013/10/bio6.jpg
[debug] 14:34:18.087 Processed: images/2013/10/bio61.jpg
[debug] 14:34:18.089 Processed: images/2013/10/bio7.jpg
[debug] 14:34:18.091 Processed: images/2013/10/diy2.jpg
[debug] 14:34:18.092 Processed: images/2013/10/music.jpg
[debug] 14:34:18.094 Processed: images/2013/10/music2.jpg
[debug] 14:34:18.096 Processed: images/2013/10/product.jpg
[debug] 14:34:18.098 Processed: images/2013/10/product3.jpg
[debug] 14:34:18.099 Processed: images/2013/10/product4.jpg
[debug] 14:34:18.101 Processed: images/2013/10/product5.jpg
[debug] 14:34:18.103 Processed: images/2013/10/robc.jpg
[debug] 14:34:18.105 Processed: images/2013/10/robc1.jpg
[debug] 14:34:18.107 Processed: images/2013/10/robc2.jpg
[debug] 14:34:18.109 Processed: images/2013/10/robc4.jpg
[debug] 14:34:18.111 Processed: images/2013/10/robo.jpg
[debug] 14:34:18.113 Processed: images/2013/10/robo10.jpg
[debug] 14:34:18.115 Processed: images/2013/10/robo11.jpg
[debug] 14:34:18.117 Processed: images/2013/10/robo2.jpg
[debug] 14:34:18.118 Processed: images/2013/10/robo3.jpg
[debug] 14:34:18.120 Processed: images/2013/10/robo4.jpg
[debug] 14:34:18.122 Processed: images/2013/10/robo5.jpg
[debug] 14:34:18.124 Processed: images/2013/10/robo7.jpg
[debug] 14:34:18.126 Processed: images/2013/10/robo8.jpg
[debug] 14:34:18.128 Processed: images/2013/10/robo9.jpg
[debug] 14:34:18.130 Processed: images/2013/10/s-s.jpg
[debug] 14:34:18.132 Processed: images/2013/10/soft1.jpg
[debug] 14:34:18.134 Processed: images/2013/10/soft2.jpg
[debug] 14:34:18.136 Processed: images/2013/10/soft3.jpg
[debug] 14:34:18.138 Processed: images/2013/10/soft4.jpg
[debug] 14:34:18.140 Processed: images/2013/10/spee.jpg
[debug] 14:34:18.142 Processed: images/2013/10/spee0.jpg
[debug] 14:34:18.144 Processed: images/2013/10/spee10.jpg
[debug] 14:34:18.146 Processed: images/2013/10/spee2.jpg
[debug] 14:34:18.148 Processed: images/2013/10/spee3.jpg
[debug] 14:34:18.152 Processed: images/2013/10/spee5.jpg
[debug] 14:34:18.154 Processed: images/2013/10/spee6.jpg
[debug] 14:34:18.156 Processed: images/2013/10/spee7.jpg
[debug] 14:34:18.158 Processed: images/2013/10/spee8.jpg
[debug] 14:34:18.160 Processed: images/2013/10/spee9.jpg
[debug] 14:34:18.162 Processed: images/2013/10/tube1.jpg
[debug] 14:34:18.164 Processed: images/2013/10/tube2.jpg
[debug] 14:34:18.166 Processed: images/2013/10/tube3.jpg
[debug] 14:34:18.167 Processed: images/2013/11/201311211.jpg
[debug] 14:34:18.168 Processed: images/2013/11/2013112110.jpg
[debug] 14:34:18.169 Processed: images/2013/11/2013112111.jpg
[debug] 14:34:18.170 Processed: images/2013/11/2013112112.jpg
[debug] 14:34:18.171 Processed: images/2013/11/2013112113.jpg
[debug] 14:34:18.172 Processed: images/2013/11/2013112114.jpg
[debug] 14:34:18.173 Processed: images/2013/11/2013112115.jpg
[debug] 14:34:18.174 Processed: images/2013/11/2013112116.jpg
[debug] 14:34:18.175 Processed: images/2013/11/2013112117.jpg
[debug] 14:34:18.176 Processed: images/2013/11/2013112118.jpg
[debug] 14:34:18.177 Processed: images/2013/11/201311212.jpg
[debug] 14:34:18.179 Processed: images/2013/11/201311213.jpg
[debug] 14:34:18.180 Processed: images/2013/11/201311214.jpg
[debug] 14:34:18.181 Processed: images/2013/11/201311215.jpg
[debug] 14:34:18.182 Processed: images/2013/11/201311216.jpg
[debug] 14:34:18.183 Processed: images/2013/11/201311217.jpg
[debug] 14:34:18.184 Processed: images/2013/11/201311218.jpg
[debug] 14:34:18.185 Processed: images/2013/11/201311219.jpg
[debug] 14:34:18.186 Processed: images/2013/11/700px-Meet_Arduino.png
[debug] 14:34:18.188 Processed: images/2013/11/Arduino_Kit.jpg
[debug] 14:34:18.189 Processed: images/2013/11/Arduino_UNO.jpg
[debug] 14:34:18.190 Processed: images/2013/11/Thumbs.db
[debug] 14:34:18.192 Processed: images/2013/12/2013-0.png
[debug] 14:34:18.194 Processed: images/2013/12/2013-1.png
[debug] 14:34:18.196 Processed: images/2013/12/2013-2-hardware.png
[debug] 14:34:18.199 Processed: images/2013/12/2013-3-makers.png
[debug] 14:34:18.201 Processed: images/2013/12/2013-4-bitcoin.png
[debug] 14:34:18.203 Processed: images/2013/12/2013-5-iphone.png
[debug] 14:34:18.205 Processed: images/2013/12/2013-6-prism.png
[debug] 14:34:18.207 Processed: images/2013/12/2013-7-win8.png
[debug] 14:34:18.209 Processed: images/2013/12/2013-8-more.png
[debug] 14:34:18.212 Processed: images/2013/12/Thumbs.db
[debug] 14:34:18.214 Processed: images/2013/12/led-interactive-matrix-1.jpg
[debug] 14:34:18.216 Processed: images/2013/12/led-interactive-matrix-2.jpg
[debug] 14:34:18.218 Processed: images/2013/12/prezi-logo.jpg
[debug] 14:34:18.226 Theme language files loaded
[debug] 14:34:18.411 Processed: about/index.md
[debug] 14:34:18.412 Processed: wiki/index.md
[debug] 14:34:18.413 Processed: wiki/computer/OSX.md
[debug] 14:34:18.414 Processed: wiki/computer/c-and-cpp.md
[debug] 14:34:18.414 Processed: wiki/computer/computer-etc.md
[debug] 14:34:18.414 Processed: wiki/computer/etc.md
[debug] 14:34:18.415 Processed: wiki/computer/git.md
[debug] 14:34:18.416 Processed: wiki/computer/linux.md
[debug] 14:34:18.416 Processed: wiki/computer/mcu.md
[debug] 14:34:18.417 Processed: wiki/computer/programming-etc.md
[debug] 14:34:18.417 Processed: wiki/computer/python.md
[debug] 14:34:18.419 Processed: wiki/computer/sublime.md
[debug] 14:34:18.420 Processed: wiki/design/basic.md
[debug] 14:34:18.421 Processed: wiki/design/creativity.md
[debug] 14:34:18.421 Processed: wiki/design/ppt.md
[debug] 14:34:18.429 Processed: wiki/design/web.md
[debug] 14:34:18.430 Processed: wiki/others/diy.md
[debug] 14:34:18.431 Processed: wiki/others/experiences.md
[debug] 14:34:18.431 Processed: wiki/others/opinions.md
[debug] 14:34:18.432 Processed: wiki/tools/etc.md
[debug] 14:34:18.433 Processed: wiki/tools/gtd.md
[debug] 14:34:18.434 Processed: wiki/tools/kindle.md
[debug] 14:34:18.434 Processed: wiki/tools/phone.md
[debug] 14:34:18.434 Processed: wiki/tools/pim-for-students.md
[debug] 14:34:18.436 Processed: wiki/tools/pkm.md
[debug] 14:34:18.436 Processed: wiki/tools/study-and-resources.md
[debug] 14:34:18.436 Processed: _posts/2013-05-08-hello-world.md
[debug] 14:34:18.437 Processed: _posts/2013-05-10-my-taskbar-clock.md
[debug] 14:34:18.437 Processed: _posts/2013-05-17-hack-led-povs.md
[debug] 14:34:18.437 Processed: _posts/2013-05-29-cool-diys.md
[debug] 14:34:18.437 Processed: _posts/2013-06-01-a-easier-way-to-make-a-makeymakey.md
[debug] 14:34:18.437 Processed: _posts/2013-06-07-kindle-paperwhite-using-experience.md
[debug] 14:34:18.437 Processed: _posts/2013-06-07-mcu-double-click-detect.md
[debug] 14:34:18.437 Processed: _posts/2013-07-15-just-google-it.md
[debug] 14:34:18.437 Processed: _posts/2013-07-25-lelianwang-hands-on.md
[debug] 14:34:18.437 Processed: _posts/2013-07-27-arduino-task-scheduler-library.md
[debug] 14:34:18.437 Processed: _posts/2013-08-24-some-interesting-hardware-related-products.md
[debug] 14:34:18.437 Processed: _posts/2013-09-22-2013-software-freedom-day-ustc.md
[debug] 14:34:18.437 Processed: _posts/2013-10-04-this-year.md
[debug] 14:34:18.437 Processed: _posts/2013-10-10-maker-reading-notes.md
[debug] 14:34:18.437 Processed: _posts/2013-10-11-shang-ke-ji-reading-notes.md
[debug] 14:34:18.437 Processed: _posts/2013-10-12-something-new.md
[debug] 14:34:18.437 Processed: _posts/2013-10-24-maker-carnival-2013.md
[debug] 14:34:18.437 Processed: _posts/2013-10-25-visiting-xinchejian.md
[debug] 14:34:18.437 Processed: _posts/2013-11-22-2013-shuangbai.md
[debug] 14:34:18.437 Processed: _posts/2013-12-04-introducing-prezi.md
[debug] 14:34:18.437 Processed: _posts/2013-12-31-2013-in-my-eye.md
[debug] 14:34:18.445 Cache saved
[info] 14:34:18.634 Files loaded in 1.336s
[debug] 14:34:18.645 Public folder not exists. No need to clear public folder.
[debug] 14:34:18.651 Render archive: archives/
[debug] 14:34:18.651 Render archive: archives/page/2/
[debug] 14:34:18.651 Render archive: archives/page/3/
[debug] 14:34:18.651 Render archive: archives/2013/
[debug] 14:34:18.651 Render archive: archives/2013/page/2/
[debug] 14:34:18.651 Render archive: archives/2013/page/3/
[debug] 14:34:18.651 Render archive: archives/2013/05/
[debug] 14:34:18.651 Render archive: archives/2013/06/
[debug] 14:34:18.651 Render archive: archives/2013/07/
[debug] 14:34:18.651 Render archive: archives/2013/08/
[debug] 14:34:18.651 Render archive: archives/2013/09/
[debug] 14:34:18.652 Render archive: archives/2013/10/
[debug] 14:34:18.652 Render archive: archives/2013/11/
[debug] 14:34:18.652 Render archive: archives/2013/12/
[debug] 14:34:18.652 Render category: categories/日记/
[debug] 14:34:18.652 Render category: categories/制作/
[debug] 14:34:18.652 Render category: categories/学习笔记/
[debug] 14:34:18.652 Render category: categories/软件/
[debug] 14:34:18.652 Render category: categories/读书笔记/
[debug] 14:34:18.652 Render index: 
[debug] 14:34:18.652 Render index: page/2/
[debug] 14:34:18.652 Render index: page/3/
[debug] 14:34:18.652 Render page: about/index.html
[debug] 14:34:18.652 Render page: wiki/index.html
[debug] 14:34:18.652 Render page: wiki/computer/OSX.html
[debug] 14:34:18.652 Render page: wiki/computer/c-and-cpp.html
[debug] 14:34:18.652 Render page: wiki/computer/computer-etc.html
[debug] 14:34:18.652 Render page: wiki/computer/etc.html
[debug] 14:34:18.652 Render page: wiki/computer/git.html
[debug] 14:34:18.652 Render page: wiki/computer/linux.html
[debug] 14:34:18.652 Render page: wiki/computer/mcu.html
[debug] 14:34:18.652 Render page: wiki/computer/programming-etc.html
[debug] 14:34:18.652 Render page: wiki/computer/python.html
[debug] 14:34:18.652 Render page: wiki/computer/sublime.html
[debug] 14:34:18.652 Render page: wiki/design/basic.html
[debug] 14:34:18.652 Render page: wiki/design/creativity.html
[debug] 14:34:18.653 Render page: wiki/design/ppt.html
[debug] 14:34:18.653 Render page: wiki/design/web.html
[debug] 14:34:18.653 Render page: wiki/others/diy.html
[debug] 14:34:18.653 Render page: wiki/others/experiences.html
[debug] 14:34:18.653 Render page: wiki/others/opinions.html
[debug] 14:34:18.653 Render page: wiki/tools/etc.html
[debug] 14:34:18.653 Render page: wiki/tools/gtd.html
[debug] 14:34:18.653 Render page: wiki/tools/kindle.html
[debug] 14:34:18.653 Render page: wiki/tools/phone.html
[debug] 14:34:18.653 Render page: wiki/tools/pim-for-students.html
[debug] 14:34:18.653 Render page: wiki/tools/pkm.html
[debug] 14:34:18.653 Render page: wiki/tools/study-and-resources.html
[debug] 14:34:18.653 Render post: 2013-in-my-eye.html
[debug] 14:34:18.653 Render post: introducing-prezi.html
[debug] 14:34:18.653 Render post: 2013-shuangbai.html
[debug] 14:34:18.653 Render post: visiting-xinchejian.html
[debug] 14:34:18.653 Render post: maker-carnival-2013.html
[debug] 14:34:18.653 Render post: something-new.html
[debug] 14:34:18.653 Render post: shang-ke-ji-reading-notes.html
[debug] 14:34:18.653 Render post: maker-reading-notes.html
[debug] 14:34:18.653 Render post: this-year.html
[debug] 14:34:18.654 Render post: 2013-software-freedom-day-ustc.html
[debug] 14:34:18.654 Render post: some-interesting-hardware-related-products.html
[debug] 14:34:18.654 Render post: arduino-task-scheduler-library.html
[debug] 14:34:18.654 Render post: lelianwang-hands-on.html
[debug] 14:34:18.654 Render post: just-google-it.html
[debug] 14:34:18.654 Render post: mcu-double-click-detect.html
[debug] 14:34:18.654 Render post: kindle-paperwhite-using-experience.html
[debug] 14:34:18.654 Render post: a-easier-way-to-make-a-makeymakey.html
[debug] 14:34:18.654 Render post: cool-diys.html
[debug] 14:34:18.654 Render post: hack-led-povs.html
[debug] 14:34:18.654 Render post: my-taskbar-clock.html
[debug] 14:34:18.654 Render post: hello-world.html
[debug] 14:34:18.654 Render tag: tags/生活/
[debug] 14:34:18.654 Render tag: tags/LED/
[debug] 14:34:18.654 Render tag: tags/单片机/
[debug] 14:34:18.654 Render tag: tags/时钟/
[debug] 14:34:18.654 Render tag: tags/电子/
[debug] 14:34:18.654 Render tag: tags/POV/
[debug] 14:34:18.654 Render tag: tags/创意/
[debug] 14:34:18.654 Render tag: tags/摇摇棒/
[debug] 14:34:18.654 Render tag: tags/Arduino/
[debug] 14:34:18.654 Render tag: tags/LEGO/
[debug] 14:34:18.654 Render tag: tags/工具/
[debug] 14:34:18.654 Render tag: tags/MakeyMakey/
[debug] 14:34:18.654 Render tag: tags/MIDI/
[debug] 14:34:18.655 Render tag: tags/音乐/
[debug] 14:34:18.655 Render tag: tags/Kindle/
[debug] 14:34:18.655 Render tag: tags/电子书/
[debug] 14:34:18.655 Render tag: tags/阅读/
[debug] 14:34:18.655 Render tag: tags/51/
[debug] 14:34:18.655 Render tag: tags/按键/
[debug] 14:34:18.655 Render tag: tags/Google/
[debug] 14:34:18.655 Render tag: tags/搜索/
[debug] 14:34:18.655 Render tag: tags/学习/
[debug] 14:34:18.655 Render tag: tags/物联网/
[debug] 14:34:18.655 Render tag: tags/Arduino库/
[debug] 14:34:18.655 Render tag: tags/多任务/
[debug] 14:34:18.655 Render tag: tags/调度器/
[debug] 14:34:18.655 Render tag: tags/创客/
[debug] 14:34:18.655 Render tag: tags/硬件/
[debug] 14:34:18.655 Render tag: tags/GNU/
[debug] 14:34:18.655 Render tag: tags/Linux/
[debug] 14:34:18.655 Render tag: tags/开源软件/
[debug] 14:34:18.655 Render tag: tags/教育/
[debug] 14:34:18.655 Render tag: tags/Blog/
[debug] 14:34:18.655 Render tag: tags/DIY/
[debug] 14:34:18.655 Render tag: tags/科协/
[debug] 14:34:18.655 Render tag: tags/上海创客嘉年华/
[debug] 14:34:18.655 Render tag: tags/创客空间/
[debug] 14:34:18.655 Render tag: tags/新车间/
[debug] 14:34:18.655 Render tag: tags/科普/
[debug] 14:34:18.656 Render tag: tags/PPT/
[debug] 14:34:18.656 Render tag: tags/演示文稿/
[debug] 14:34:18.656 Render tag: tags/Prezi/
[debug] 14:34:18.656 Render tag: tags/设计/
[error] 14:34:19.418 HexoError: Render failed: archives/index.html
Error: /Users/maxz/Workspace/Blog/themes/light/layout/archive.ejs:1
 >> 1| <%- partial('_partial/archive', {pagination: config.archive}) %>

EMFILE, too many open files '/Users/maxz/Workspace/Blog/themes/light/layout/_partial/archive.ejs'
    at Object.fs.openSync (fs.js:427:18)
    at Object.fs.readFileSync (fs.js:284:15)
    at Object.exports.readFileSync (/usr/local/lib/node_modules/hexo/lib/util/file2.js:432:20)
    at render (/usr/local/lib/node_modules/hexo/lib/plugins/helper/partial.js:19:26)
    at Object.module.exports [as partial] (/usr/local/lib/node_modules/hexo/lib/plugins/helper/partial.js:41:12)
    at eval (eval at <anonymous> (/usr/local/lib/node_modules/hexo/node_modules/ejs/lib/ejs.js:237:14), <anonymous>:29:35)
    at eval (eval at <anonymous> (/usr/local/lib/node_modules/hexo/node_modules/ejs/lib/ejs.js:237:14), <anonymous>:29:103)
    at /usr/local/lib/node_modules/hexo/node_modules/ejs/lib/ejs.js:250:15
    at Object.exports.render (/usr/local/lib/node_modules/hexo/node_modules/ejs/lib/ejs.js:288:13)
    at module.exports (/usr/local/lib/node_modules/hexo/lib/plugins/renderer/ejs.js:5:14)

[error] 14:34:19.423 HexoError: Render failed: archives/page/2/index.html
Error: /Users/maxz/Workspace/Blog/themes/light/layout/archive.ejs:1
 >> 1| <%- partial('_partial/archive', {pagination: config.archive}) %>

EMFILE, too many open files '/Users/maxz/Workspace/Blog/themes/light/layout/_partial/archive.ejs'
    at Object.fs.openSync (fs.js:427:18)
    at Object.fs.readFileSync (fs.js:284:15)
    at Object.exports.readFileSync (/usr/local/lib/node_modules/hexo/lib/util/file2.js:432:20)
    at render (/usr/local/lib/node_modules/hexo/lib/plugins/helper/partial.js:19:26)
    at Object.module.exports [as partial] (/usr/local/lib/node_modules/hexo/lib/plugins/helper/partial.js:41:12)
    at eval (eval at <anonymous> (/usr/local/lib/node_modules/hexo/node_modules/ejs/lib/ejs.js:237:14), <anonymous>:29:35)
    at eval (eval at <anonymous> (/usr/local/lib/node_modules/hexo/node_modules/ejs/lib/ejs.js:237:14), <anonymous>:29:103)
    at /usr/local/lib/node_modules/hexo/node_modules/ejs/lib/ejs.js:250:15
    at Object.exports.render (/usr/local/lib/node_modules/hexo/node_modules/ejs/lib/ejs.js:288:13)
    at module.exports (/usr/local/lib/node_modules/hexo/lib/plugins/renderer/ejs.js:5:14)

[error] 14:34:19.425 HexoError: Render failed: archives/2013/index.html
Error: /Users/maxz/Workspace/Blog/themes/light/layout/archive.ejs:1
 >> 1| <%- partial('_partial/archive', {pagination: config.archive}) %>

EMFILE, too many open files '/Users/maxz/Workspace/Blog/themes/light/layout/_partial/archive.ejs'
    at Object.fs.openSync (fs.js:427:18)
    at Object.fs.readFileSync (fs.js:284:15)
    at Object.exports.readFileSync (/usr/local/lib/node_modules/hexo/lib/util/file2.js:432:20)
    at render (/usr/local/lib/node_modules/hexo/lib/plugins/helper/partial.js:19:26)
    at Object.module.exports [as partial] (/usr/local/lib/node_modules/hexo/lib/plugins/helper/partial.js:41:12)
    at eval (eval at <anonymous> (/usr/local/lib/node_modules/hexo/node_modules/ejs/lib/ejs.js:237:14), <anonymous>:29:35)
    at eval (eval at <anonymous> (/usr/local/lib/node_modules/hexo/node_modules/ejs/lib/ejs.js:237:14), <anonymous>:29:103)
    at /usr/local/lib/node_modules/hexo/node_modules/ejs/lib/ejs.js:250:15
    at Object.exports.render (/usr/local/lib/node_modules/hexo/node_modules/ejs/lib/ejs.js:288:13)
    at module.exports (/usr/local/lib/node_modules/hexo/lib/plugins/renderer/ejs.js:5:14)
